<?xml version="1.0" encoding="UTF-8"?>
<!-- Generated by org.testng.reporters.JUnitXMLReporter -->
<testsuite ignored="0" hostname="DESKTOP-77JTSPM" failures="0" tests="5" name="Surefire test" time="128.426" errors="0" timestamp="2024-09-06T20:44:11 IST">
  <testcase classname="Automation.tests.ErrorValidationsTest" name="loginValidations" time="2.552"/>
  <testcase classname="Automation.tests.ErrorValidationsTest" name="productValidations" time="6.503"/>
  <testcase classname="Automation.tests.submitOrderTest" name="placeOrder" time="37.342"/>
  <testcase classname="Automation.tests.submitOrderTest" name="placeOrder" time="19.864"/>
  <testcase classname="Automation.tests.submitOrderTest" name="orderHistory" time="2.694"/>
</testsuite> <!-- Surefire test -->
