<?xml version="1.0" encoding="UTF-8"?>
<!-- Generated by org.testng.reporters.JUnitXMLReporter -->
<testsuite ignored="0" hostname="DESKTOP-77JTSPM" failures="0" tests="3" name="Default test" time="59.871" errors="0" timestamp="2024-08-29T12:20:52 IST">
  <testcase classname="Automation.tests.submitOrderTest" name="placeOrder" time="13.609"/>
  <testcase classname="Automation.tests.submitOrderTest" name="placeOrder" time="13.914"/>
  <testcase classname="Automation.tests.submitOrderTest" name="orderHistory" time="4.642"/>
</testsuite> <!-- Default test -->
