<?xml version="1.0" encoding="UTF-8"?>
<!-- Generated by org.testng.reporters.JUnitXMLReporter -->
<testsuite ignored="0" hostname="DESKTOP-77JTSPM" failures="0" tests="3" name="ErrrorValidations Test" time="85.536" errors="0" timestamp="2024-08-29T12:14:22 IST">
  <testcase classname="Automation.tests.ErrorValidationsTest" name="loginValidations" time="19.662">
    <skipped/>
  </testcase> <!-- loginValidations -->
  <testcase classname="Automation.tests.ErrorValidationsTest" name="loginValidations" time="2.682"/>
  <testcase classname="Automation.tests.ErrorValidationsTest" name="productValidations" time="11.552"/>
</testsuite> <!-- ErrrorValidations Test -->
