<?xml version="1.0" encoding="UTF-8"?>
<!-- Generated by org.testng.reporters.JUnitXMLReporter -->
<testsuite ignored="2" hostname="DESKTOP-77JTSPM" failures="0" tests="0" time="0.001" errors="0" timestamp="2024-09-26T20:28:02 IST">
  <testcase classname="Automation.tests.ErrorValidationsTest" name="loginValidations" time="0.0">
    <ignored/>
  </testcase> <!-- loginValidations -->
  <testcase classname="Automation.tests.ErrorValidationsTest" name="productValidations" time="0.0">
    <ignored/>
  </testcase> <!-- productValidations -->
</testsuite>
