<?xml version="1.0" encoding="UTF-8"?>
<!-- Generated by org.testng.reporters.JUnitXMLReporter -->
<testsuite ignored="0" hostname="DESKTOP-77JTSPM" failures="0" tests="3" name="submitOrder Test" time="389.371" errors="0" timestamp="2024-09-06T21:09:46 IST">
  <testcase classname="Automation.tests.submitOrderTest" name="placeOrder" time="53.438"/>
  <testcase classname="Automation.tests.submitOrderTest" name="placeOrder" time="172.787"/>
  <testcase classname="Automation.tests.submitOrderTest" name="orderHistory" time="20.04"/>
</testsuite> <!-- submitOrder Test -->
