<?xml version="1.0" encoding="UTF-8"?>
<!-- Generated by org.testng.reporters.JUnitXMLReporter -->
<testsuite ignored="1" hostname="DESKTOP-77JTSPM" failures="0" tests="2" name="submitOrder Test" time="58.14" errors="0" timestamp="2024-09-26T17:51:05 IST">
  <testcase classname="Automation.tests.submitOrderTest" name="placeOrder" time="17.133"/>
  <testcase classname="Automation.tests.submitOrderTest" name="placeOrder" time="14.576"/>
  <testcase classname="Automation.tests.submitOrderTest" name="orderHistory" time="0.0">
    <ignored/>
  </testcase> <!-- orderHistory -->
</testsuite> <!-- submitOrder Test -->
