<?xml version="1.0" encoding="UTF-8"?>
<testng-results ignored="3" total="5" passed="2" failed="0" skipped="0">
  <reporter-output>
  </reporter-output>
  <suite started-at="2024-09-26T17:50:07 IST" name="Suite" finished-at="2024-09-26T17:51:05 IST" duration-ms="58140">
    <groups>
      <group name="Purchase,RunThis">
        <method signature="submitOrderTest.placeOrder(java.util.HashMap)[pri:0, instance:Automation.tests.submitOrderTest@2a798d51]" name="placeOrder" class="Automation.tests.submitOrderTest"/>
      </group> <!-- Purchase,RunThis -->
    </groups>
    <test started-at="2024-09-26T17:50:07 IST" name="ErrrorValidations Test" finished-at="2024-09-26T17:50:07 IST" duration-ms="38">
    </test> <!-- ErrrorValidations Test -->
    <test started-at="2024-09-26T17:50:07 IST" name="submitOrder Test" finished-at="2024-09-26T17:51:05 IST" duration-ms="58140">
      <class name="Automation.tests.submitOrderTest">
        <test-method is-config="true" signature="launchApplication()[pri:0, instance:Automation.tests.submitOrderTest@2a798d51]" started-at="2024-09-26T17:50:08 IST" name="launchApplication" finished-at="2024-09-26T17:50:22 IST" duration-ms="14593" status="PASS">
          <reporter-output>
          </reporter-output>
        </test-method> <!-- launchApplication -->
        <test-method signature="placeOrder(java.util.HashMap)[pri:0, instance:Automation.tests.submitOrderTest@2a798d51]" started-at="2024-09-26T17:50:22 IST" name="placeOrder" data-provider="receiveData" finished-at="2024-09-26T17:50:39 IST" duration-ms="17133" status="PASS">
          <params>
            <param index="0">
              <value>
                <![CDATA[{password=Host@1234, prod2=ADIDAS ORIGINAL, prod1=IPHONE 13 PRO, email=mani145@gmail.com}]]>
              </value>
            </param>
          </params>
          <reporter-output>
          </reporter-output>
        </test-method> <!-- placeOrder -->
        <test-method is-config="true" signature="tearDown()[pri:0, instance:Automation.tests.submitOrderTest@2a798d51]" started-at="2024-09-26T17:50:39 IST" name="tearDown" finished-at="2024-09-26T17:50:41 IST" duration-ms="1249" status="PASS">
          <reporter-output>
          </reporter-output>
        </test-method> <!-- tearDown -->
        <test-method is-config="true" signature="launchApplication()[pri:0, instance:Automation.tests.submitOrderTest@2a798d51]" started-at="2024-09-26T17:50:41 IST" name="launchApplication" finished-at="2024-09-26T17:50:48 IST" duration-ms="7200" status="PASS">
          <reporter-output>
          </reporter-output>
        </test-method> <!-- launchApplication -->
        <test-method signature="placeOrder(java.util.HashMap)[pri:0, instance:Automation.tests.submitOrderTest@2a798d51]" started-at="2024-09-26T17:50:48 IST" name="placeOrder" data-provider="receiveData" finished-at="2024-09-26T17:51:02 IST" duration-ms="14576" status="PASS">
          <params>
            <param index="0">
              <value>
                <![CDATA[{password=Host@1234, prod2=ZARA COAT 3, prod1=ADIDAS ORIGINAL, email=mish123@yopmail.com}]]>
              </value>
            </param>
          </params>
          <reporter-output>
          </reporter-output>
        </test-method> <!-- placeOrder -->
        <test-method is-config="true" signature="tearDown()[pri:0, instance:Automation.tests.submitOrderTest@2a798d51]" started-at="2024-09-26T17:51:02 IST" name="tearDown" finished-at="2024-09-26T17:51:05 IST" duration-ms="2467" status="PASS">
          <reporter-output>
          </reporter-output>
        </test-method> <!-- tearDown -->
      </class> <!-- Automation.tests.submitOrderTest -->
    </test> <!-- submitOrder Test -->
  </suite> <!-- Suite -->
</testng-results>
