<?xml version="1.0" encoding="UTF-8"?>
<testng-results ignored="3" total="5" passed="2" failed="0" skipped="0">
  <reporter-output>
  </reporter-output>
  <suite started-at="2024-09-27T12:25:08 IST" name="Suite" finished-at="2024-09-27T12:26:12 IST" duration-ms="64258">
    <groups>
      <group name="Purchase,RunThis">
        <method signature="submitOrderTest.placeOrder(java.util.HashMap)[pri:0, instance:Automation.tests.submitOrderTest@2a798d51]" name="placeOrder" class="Automation.tests.submitOrderTest"/>
      </group> <!-- Purchase,RunThis -->
    </groups>
    <test started-at="2024-09-27T12:25:08 IST" name="ErrrorValidations Test" finished-at="2024-09-27T12:25:08 IST" duration-ms="38">
    </test> <!-- ErrrorValidations Test -->
    <test started-at="2024-09-27T12:25:08 IST" name="submitOrder Test" finished-at="2024-09-27T12:26:12 IST" duration-ms="64225">
      <class name="Automation.tests.submitOrderTest">
        <test-method is-config="true" signature="launchApplication()[pri:0, instance:Automation.tests.submitOrderTest@2a798d51]" started-at="2024-09-27T12:25:09 IST" name="launchApplication" finished-at="2024-09-27T12:25:26 IST" duration-ms="16991" status="PASS">
          <reporter-output>
          </reporter-output>
        </test-method> <!-- launchApplication -->
        <test-method signature="placeOrder(java.util.HashMap)[pri:0, instance:Automation.tests.submitOrderTest@2a798d51]" started-at="2024-09-27T12:25:26 IST" name="placeOrder" data-provider="receiveData" finished-at="2024-09-27T12:25:46 IST" duration-ms="19378" status="PASS">
          <params>
            <param index="0">
              <value>
                <![CDATA[{password=Host@1234, prod2=ADIDAS ORIGINAL, prod1=IPHONE 13 PRO, email=mani145@gmail.com}]]>
              </value>
            </param>
          </params>
          <reporter-output>
          </reporter-output>
        </test-method> <!-- placeOrder -->
        <test-method is-config="true" signature="tearDown()[pri:0, instance:Automation.tests.submitOrderTest@2a798d51]" started-at="2024-09-27T12:25:46 IST" name="tearDown" finished-at="2024-09-27T12:25:47 IST" duration-ms="1290" status="PASS">
          <reporter-output>
          </reporter-output>
        </test-method> <!-- tearDown -->
        <test-method is-config="true" signature="launchApplication()[pri:0, instance:Automation.tests.submitOrderTest@2a798d51]" started-at="2024-09-27T12:25:47 IST" name="launchApplication" finished-at="2024-09-27T12:25:55 IST" duration-ms="7630" status="PASS">
          <reporter-output>
          </reporter-output>
        </test-method> <!-- launchApplication -->
        <test-method signature="placeOrder(java.util.HashMap)[pri:0, instance:Automation.tests.submitOrderTest@2a798d51]" started-at="2024-09-27T12:25:55 IST" name="placeOrder" data-provider="receiveData" finished-at="2024-09-27T12:26:11 IST" duration-ms="16431" status="PASS">
          <params>
            <param index="0">
              <value>
                <![CDATA[{password=Host@1234, prod2=ZARA COAT 3, prod1=ADIDAS ORIGINAL, email=mish123@yopmail.com}]]>
              </value>
            </param>
          </params>
          <reporter-output>
          </reporter-output>
        </test-method> <!-- placeOrder -->
        <test-method is-config="true" signature="tearDown()[pri:0, instance:Automation.tests.submitOrderTest@2a798d51]" started-at="2024-09-27T12:26:11 IST" name="tearDown" finished-at="2024-09-27T12:26:12 IST" duration-ms="1295" status="PASS">
          <reporter-output>
          </reporter-output>
        </test-method> <!-- tearDown -->
      </class> <!-- Automation.tests.submitOrderTest -->
    </test> <!-- submitOrder Test -->
  </suite> <!-- Suite -->
</testng-results>
