<?xml version="1.0" encoding="UTF-8"?>
<testng-results ignored="0" total="2" passed="2" failed="0" skipped="0">
  <reporter-output>
  </reporter-output>
  <suite started-at="2024-09-26T17:58:25 IST" name="Suite" finished-at="2024-09-26T17:59:32 IST" duration-ms="66394">
    <groups>
      <group name="Purchase,RunThis">
        <method signature="submitOrderTest.placeOrder(java.util.HashMap)[pri:0, instance:Automation.tests.submitOrderTest@4e50c791]" name="placeOrder" class="Automation.tests.submitOrderTest"/>
      </group> <!-- Purchase,RunThis -->
    </groups>
    <test started-at="2024-09-26T17:58:25 IST" name="ErrrorValidations Test" finished-at="2024-09-26T17:58:25 IST" duration-ms="43">
    </test> <!-- ErrrorValidations Test -->
    <test started-at="2024-09-26T17:58:25 IST" name="submitOrder Test" finished-at="2024-09-26T17:59:32 IST" duration-ms="66394">
      <class name="Automation.tests.submitOrderTest">
        <test-method is-config="true" signature="launchApplication()[pri:0, instance:Automation.tests.submitOrderTest@4e50c791]" started-at="2024-09-26T17:58:27 IST" name="launchApplication" finished-at="2024-09-26T17:58:48 IST" duration-ms="20866" status="PASS">
          <reporter-output>
          </reporter-output>
        </test-method> <!-- launchApplication -->
        <test-method signature="placeOrder(java.util.HashMap)[pri:0, instance:Automation.tests.submitOrderTest@4e50c791]" started-at="2024-09-26T17:58:48 IST" name="placeOrder" data-provider="receiveData" finished-at="2024-09-26T17:59:05 IST" duration-ms="17089" status="PASS">
          <params>
            <param index="0">
              <value>
                <![CDATA[{password=Host@1234, prod2=ADIDAS ORIGINAL, prod1=IPHONE 13 PRO, email=mani145@gmail.com}]]>
              </value>
            </param>
          </params>
          <reporter-output>
          </reporter-output>
        </test-method> <!-- placeOrder -->
        <test-method is-config="true" signature="tearDown()[pri:0, instance:Automation.tests.submitOrderTest@4e50c791]" started-at="2024-09-26T17:59:05 IST" name="tearDown" finished-at="2024-09-26T17:59:07 IST" duration-ms="1849" status="PASS">
          <reporter-output>
          </reporter-output>
        </test-method> <!-- tearDown -->
        <test-method is-config="true" signature="launchApplication()[pri:0, instance:Automation.tests.submitOrderTest@4e50c791]" started-at="2024-09-26T17:59:07 IST" name="launchApplication" finished-at="2024-09-26T17:59:14 IST" duration-ms="7218" status="PASS">
          <reporter-output>
          </reporter-output>
        </test-method> <!-- launchApplication -->
        <test-method signature="placeOrder(java.util.HashMap)[pri:0, instance:Automation.tests.submitOrderTest@4e50c791]" started-at="2024-09-26T17:59:14 IST" name="placeOrder" data-provider="receiveData" finished-at="2024-09-26T17:59:30 IST" duration-ms="15928" status="PASS">
          <params>
            <param index="0">
              <value>
                <![CDATA[{password=Host@1234, prod2=ZARA COAT 3, prod1=ADIDAS ORIGINAL, email=mish123@yopmail.com}]]>
              </value>
            </param>
          </params>
          <reporter-output>
          </reporter-output>
        </test-method> <!-- placeOrder -->
        <test-method is-config="true" signature="tearDown()[pri:0, instance:Automation.tests.submitOrderTest@4e50c791]" started-at="2024-09-26T17:59:30 IST" name="tearDown" finished-at="2024-09-26T17:59:32 IST" duration-ms="1677" status="PASS">
          <reporter-output>
          </reporter-output>
        </test-method> <!-- tearDown -->
      </class> <!-- Automation.tests.submitOrderTest -->
    </test> <!-- submitOrder Test -->
  </suite> <!-- Suite -->
</testng-results>
